<?xml version="1.0" encoding="UTF-8"?>
<!-- Generated by org.testng.reporters.JUnitReportReporter -->
<testsuite hostname="KTV-2023-034" failures="0" tests="1" name="TestlinkTest" time="1.307" errors="0" timestamp="2024-05-15T15:58:45 ICT" skipped="0">
  <testcase classname="TestlinkTest" name="test" time="1.307"/>
</testsuite> <!-- TestlinkTest -->
